<?xml version="1.0" encoding="UTF-8"?>
<!-- Generated by org.testng.reporters.JUnitReportReporter -->
<testsuite hostname="LAPTOP-SK1OSAKQ" failures="0" tests="4" name="Test_Example.NewTest" time="86.262" errors="0" timestamp="5 Dec 2023 03:54:34 GMT">
  <testcase classname="Test_Example.NewTest" name="verifyBeyonRPA" time="6.016"/>
  <testcase classname="Test_Example.NewTest" name="verifySolutions" time="26.752"/>
  <testcase classname="Test_Example.NewTest" name="verifyResources" time="46.729"/>
  <testcase classname="Test_Example.NewTest" name="verifyCompany" time="6.765"/>
</testsuite> <!-- Test_Example.NewTest -->
