<?xml version="1.0" encoding="UTF-8"?>
<!-- Generated by org.testng.reporters.JUnitReportReporter -->
<testsuite hostname="LAPTOP-SK1OSAKQ" failures="0" tests="1" name="question_No_5.Question3_TestNGImplementation" time="15.974" errors="0" timestamp="5 Dec 2023 05:09:07 GMT">
  <testcase classname="question_No_5.Question3_TestNGImplementation" name="verifyLogoButtonAndDemoButton" time="15.974"/>
</testsuite> <!-- question_No_5.Question3_TestNGImplementation -->
