<?xml version="1.0" encoding="UTF-8"?>
<!-- Generated by org.testng.reporters.JUnitReportReporter -->
<testsuite hostname="LAPTOP-SK1OSAKQ" failures="0" tests="5" name="question_No_5.Question4_TestNGAnswerWithPrioirty" time="29.986" errors="0" timestamp="5 Dec 2023 05:09:07 GMT">
  <testcase classname="question_No_5.Question4_TestNGAnswerWithPrioirty" name="verifyBeyonRPA" time="6.949"/>
  <testcase classname="question_No_5.Question4_TestNGAnswerWithPrioirty" name="verifyCompany" time="6.406"/>
  <testcase classname="question_No_5.Question4_TestNGAnswerWithPrioirty" name="verifyResources" time="4.703"/>
  <testcase classname="question_No_5.Question4_TestNGAnswerWithPrioirty" name="verifySolutions" time="5.578"/>
  <testcase classname="question_No_5.Question4_TestNGAnswerWithPrioirty" name="verifyPrdoucts" time="6.350"/>
</testsuite> <!-- question_No_5.Question4_TestNGAnswerWithPrioirty -->
